Skip by []:
Skip Locked pdbid [True]:
Only for Collect Results [False]:
Enter Step Size [1]:
Enter Start Index [0]:
Enter base path [K:\cache\ForceContrib-20130402.charmm22\]:
  Selection: K:\cache\ForceContrib-20130402.charmm22\
  Selection: K:\cache\ForceContrib-20130402.charmm22\
Enter param name [charmm22.prm]:
  Selection: charmm22.prm
  Selection: charmm22.prm
Enter temp path [C:\temp\]:
  Selection: C:\temp\
  Selection: C:\temp\
__________________
pdbid: (   # atom,   # ca), ...
1I2T  (0968 atom, 061 res): finished to export into html table
1Y0M  (0996 atom, 061 res): finished to export into html table
2J5Y  (0978 atom, 061 res): finished to export into html table
3MP9  (0931 atom, 061 res): finished to export into html table
3HFO  (1025 atom, 065 res): finished to export into html table
3ZR8  (1053 atom, 065 res): finished to export into html table
1HG7  (1009 atom, 066 res): finished to export into html table
1TG0  (1029 atom, 066 res): finished to export into html table
2HIN  (1035 atom, 066 res): finished to export into html table
2VE8  (1045 atom, 067 res): finished to export into html table
3RNJ  (1052 atom, 067 res): finished to export into html table
1WYX  (1077 atom, 068 res): finished to export into html table
2YIZ  (1037 atom, 068 res): finished to export into html table
3I4O  (1137 atom, 068 res): finished to export into html table
3OMT  (1120 atom, 068 res): finished to export into html table
4B6X  (1086 atom, 069 res): finished to export into html table
3NAR  (1155 atom, 070 res): finished to export into html table
3ZZL  (1103 atom, 070 res): finished to export into html table
2IC6  (1143 atom, 071 res): finished to export into html table
1WM3  (1169 atom, 072 res): finished to export into html table
3N27  (1168 atom, 073 res): finished to export into html table
3E56  (1239 atom, 075 res): finished to export into html table
3HTU  (1203 atom, 075 res): finished to export into html table
3IGE  (1145 atom, 075 res): finished to export into html table
3L1X  (1210 atom, 075 res): finished to export into html table
2PMR  (1255 atom, 076 res): finished to export into html table
3B7H  (1198 atom, 076 res): finished to export into html table
3DS4  (1174 atom, 076 res): finished to export into html table
2VKL  (1248 atom, 077 res): finished to export into html table
3G21  (1198 atom, 077 res): finished to export into html table
4F26  (1209 atom, 077 res): finished to export into html table
3RQ9  (1196 atom, 078 res): finished to export into html table
4ABM  (1328 atom, 079 res): finished to export into html table
2QCP  (1265 atom, 080 res): finished to export into html table
4AGH  (1259 atom, 080 res): finished to export into html table
2GBN  (1250 atom, 081 res): finished to export into html table
2O37  (1281 atom, 081 res): finished to export into html table
3LLB  (1284 atom, 081 res): finished to export into html table
1R6J  (1233 atom, 082 res): finished to export into html table
3O5Z  (1263 atom, 082 res): finished to export into html table
3R3M  (1373 atom, 082 res): finished to export into html table
3R45  (1356 atom, 082 res): finished to export into html table
4ERR  (1294 atom, 082 res): finished to export into html table
2F5K  (1401 atom, 083 res): finished to export into html table
1W53  (1425 atom, 084 res): finished to export into html table
3FX7  (1414 atom, 084 res): finished to export into html table
3R27  (1283 atom, 084 res): finished to export into html table
3VBG  (1432 atom, 084 res): finished to export into html table
4ES3  (1370 atom, 084 res): finished to export into html table
3MAB  (1352 atom, 085 res): finished to export into html table
3R69  (1284 atom, 085 res): finished to export into html table
4E6S  (1397 atom, 085 res): finished to export into html table
2RK5  (1352 atom, 086 res): finished to export into html table
3JQU  (1257 atom, 086 res): finished to export into html table
3L7H  (1379 atom, 086 res): finished to export into html table
3LNW  (1338 atom, 086 res): finished to export into html table
3TOE  (1342 atom, 086 res): finished to export into html table
2Y4X  (1341 atom, 087 res): finished to export into html table
4IOG  (1363 atom, 087 res): finished to export into html table
3BRL  (1434 atom, 088 res): finished to export into html table
3CNK  (1395 atom, 089 res): finished to export into html table
3JTN  (1390 atom, 089 res): finished to export into html table
3RZW  (1354 atom, 089 res): finished to export into html table
3TXS  (1441 atom, 089 res): finished to export into html table
4A75  (1360 atom, 089 res): finished to export into html table
4HE6  (1455 atom, 089 res): finished to export into html table
4HTJ  (1367 atom, 089 res): finished to export into html table
1U07  (1439 atom, 090 res): finished to export into html table
2BT9  (1326 atom, 090 res): finished to export into html table
2X3D  (1392 atom, 090 res): finished to export into html table
3KOV  (1511 atom, 090 res): finished to export into html table
3M8J  (1418 atom, 090 res): finished to export into html table
3MSH  (1326 atom, 090 res): finished to export into html table
3PE9  (1368 atom, 090 res): finished to export into html table
4AEQ  (1466 atom, 090 res): finished to export into html table
4GS3  (1491 atom, 090 res): finished to export into html table
4EWI  (1616 atom, 091 res): finished to export into html table
4GMQ  (1411 atom, 092 res): finished to export into html table
2X5T  (1561 atom, 093 res): finished to export into html table
3ID4  (1408 atom, 093 res): finished to export into html table
1G2R  (1570 atom, 094 res): finished to export into html table
2I5C  (1551 atom, 094 res): finished to export into html table
3ID1  (1435 atom, 094 res): finished to export into html table
3KIK  (1525 atom, 094 res): finished to export into html table
3SHU  (1474 atom, 094 res): finished to export into html table
4EZA  (1558 atom, 094 res): finished to export into html table
1C5E  (1376 atom, 095 res): finished to export into html table
2Y2T  (1477 atom, 095 res): finished to export into html table
3SQF  (1546 atom, 095 res): finished to export into html table
4FQN  (1533 atom, 095 res): finished to export into html table
3PYJ  (1592 atom, 096 res): finished to export into html table
3QGL  (1460 atom, 096 res): finished to export into html table
1JO0  (1555 atom, 097 res): finished to export into html table
1URR  (1592 atom, 097 res): finished to export into html table
3L1F  (1549 atom, 097 res): finished to export into html table
3QMQ  (1583 atom, 097 res): finished to export into html table
3VI6  (1550 atom, 097 res): finished to export into html table
2Y9R  (1481 atom, 098 res): finished to export into html table
3KNG  (1544 atom, 098 res): finished to export into html table
3PO8  (1506 atom, 098 res): finished to export into html table
2QJL  (1542 atom, 099 res): finished to export into html table
3NS6  (1576 atom, 099 res): finished to export into html table
2XRH  (1606 atom, 100 res): finished to export into html table
3K6F  (1545 atom, 100 res): finished to export into html table
3NXA  (1620 atom, 100 res): finished to export into html table
3RHB  (1602 atom, 100 res): finished to export into html table
1MG4  (1656 atom, 101 res): finished to export into html table
3SSQ  (1539 atom, 101 res): finished to export into html table
3U1C  (1617 atom, 101 res): finished to export into html table
3M9J  (1633 atom, 105 res): finished to export into html table
3FG7  (1705 atom, 106 res): finished to export into html table
3CX2  (1674 atom, 107 res): finished to export into html table
1BKR  (1762 atom, 108 res): finished to export into html table
3LRG  (1650 atom, 114 res): finished to export into html table
4BBD  (1905 atom, 114 res): finished to export into html table
2CKK  (1962 atom, 120 res): finished to export into html table
2ZWM  (1954 atom, 120 res): finished to export into html table
3TDM  (1856 atom, 120 res): finished to export into html table
2YH5  (1817 atom, 121 res): finished to export into html table
3LKY  (1739 atom, 121 res): finished to export into html table
4A6S  (1764 atom, 121 res): finished to export into html table
1R29  (2000 atom, 122 res): finished to export into html table
3NJM  (1850 atom, 122 res): finished to export into html table
3P38  (1958 atom, 123 res): finished to export into html table
3P6J  (1848 atom, 123 res): finished to export into html table
3RNV  (2016 atom, 123 res): finished to export into html table
1MM9  (1796 atom, 124 res): finished to export into html table
3UJ3  (2004 atom, 124 res): finished to export into html table
1DBF  (2062 atom, 127 res): finished to export into html table
3HA4  (2081 atom, 127 res): finished to export into html table
3VA9  (2044 atom, 127 res): finished to export into html table
4FYH  (2007 atom, 127 res): finished to export into html table
4GCN  (2041 atom, 127 res): finished to export into html table
4HBX  (2122 atom, 127 res): finished to export into html table
2XX6  (2099 atom, 128 res): finished to export into html table
4DRO  (1987 atom, 128 res): finished to export into html table
4F55  (1953 atom, 128 res): finished to export into html table
2AAJ  (1964 atom, 129 res): finished to export into html table
3LRD  (1856 atom, 129 res): finished to export into html table
3O48  (2133 atom, 129 res): finished to export into html table
3T8N  (1955 atom, 129 res): finished to export into html table
3UD8  (2060 atom, 129 res): finished to export into html table
4EDL  (2145 atom, 129 res): finished to export into html table
2XW6  (2014 atom, 130 res): finished to export into html table
2LIS  (2241 atom, 131 res): finished to export into html table
2R8U  (2134 atom, 131 res): finished to export into html table
3QF3  (2045 atom, 131 res): finished to export into html table
3D4W  (2163 atom, 132 res): finished to export into html table
3LLO  (2041 atom, 132 res): finished to export into html table
3OBL  (1869 atom, 132 res): finished to export into html table
3Q47  (2129 atom, 132 res): finished to export into html table
3R87  (2130 atom, 132 res): finished to export into html table
4HX8  (2221 atom, 132 res): finished to export into html table
3KXY  (2113 atom, 133 res): finished to export into html table
3RSW  (2113 atom, 133 res): finished to export into html table
2R6Q  (1963 atom, 138 res): finished to export into html table
2XDH  (2099 atom, 138 res): finished to export into html table
2XG3  (2230 atom, 138 res): finished to export into html table
3R85  (2190 atom, 138 res): finished to export into html table
2PWO  (2256 atom, 144 res): finished to export into html table
3GZ2  (2293 atom, 144 res): finished to export into html table
1NWW  (2236 atom, 145 res): finished to export into html table
2JDC  (2319 atom, 145 res): finished to export into html table
2XEM  (2249 atom, 145 res): finished to export into html table
3S02  (2359 atom, 146 res): finished to export into html table
3SEI  (2360 atom, 146 res): finished to export into html table
4F8A  (2313 atom, 146 res): finished to export into html table
1J8Q  (2135 atom, 147 res): finished to export into html table
2FL4  (2375 atom, 147 res): finished to export into html table
3HGM  (2261 atom, 147 res): finished to export into html table
3RKV  (2420 atom, 147 res): finished to export into html table
4E8O  (2340 atom, 147 res): finished to export into html table
3NBC  (2221 atom, 148 res): finished to export into html table
1GU1  (2223 atom, 149 res): finished to export into html table
2Y9F  (2378 atom, 149 res): finished to export into html table
3AXC  (2423 atom, 149 res): finished to export into html table
3MBT  (2380 atom, 149 res): finished to export into html table
Press any key to continue . . .